#
# There is insufficient memory for the Java Runtime Environment to continue.
# Native memory allocation (mmap) failed to map 65011712 bytes for Failed to commit area from 0x00000000c2400000 to 0x00000000c6200000 of length 65011712.
# Possible reasons:
#   The system is out of physical RAM or swap space
#   The process is running with CompressedOops enabled, and the Java Heap may be blocking the growth of the native heap
# Possible solutions:
#   Reduce memory load on the system
#   Increase physical memory or swap space
#   Check if swap backing store is full
#   Decrease Java heap size (-Xmx/-Xms)
#   Decrease number of Java threads
#   Decrease Java thread stack sizes (-Xss)
#   Set larger code cache with -XX:ReservedCodeCacheSize=
# This output file may be truncated or incomplete.
#
#  Out of Memory Error (t:/workspace/open/src/hotspot/os/windows/os_windows.cpp:3301), pid=22168, tid=12004
#
# JRE version:  (13.0.1+9) (build )
# Java VM: Java HotSpot(TM) 64-Bit Server VM (13.0.1+9, mixed mode, aot, sharing, tiered, compressed oops, g1 gc, windows-amd64)
# No core dump will be written. Minidumps are not enabled by default on client versions of Windows
#

---------------  S U M M A R Y ------------

Command Line: -Dfile.encoding=Cp1252 songtradr.main

Host: Intel(R) Core(TM) i3-8145U CPU @ 2.10GHz, 4 cores, 3G,  Windows 10 , 64 bit Build 18362 (10.0.18362.778)
Time: Fri Jun  5 01:56:14 2020 India Standard Time elapsed time: 0 seconds (0d 0h 0m 0s)

---------------  T H R E A D  ---------------

Current thread (0x00000242ea8be000):  JavaThread "Unknown thread" [_thread_in_vm, id=12004, stack(0x000000b873800000,0x000000b873900000)]

Stack: [0x000000b873800000,0x000000b873900000]
Native frames: (J=compiled Java code, j=interpreted, Vv=VM code, C=native code)
V  [jvm.dll+0x626eca]
V  [jvm.dll+0x772c6a]
V  [jvm.dll+0x77441f]
V  [jvm.dll+0x774a23]
V  [jvm.dll+0x24da58]
V  [jvm.dll+0x62438a]
V  [jvm.dll+0x618f75]
V  [jvm.dll+0x30c61c]
V  [jvm.dll+0x30c452]
V  [jvm.dll+0x311bc6]
V  [jvm.dll+0x355ce6]
V  [jvm.dll+0x3554c0]
V  [jvm.dll+0x2e729a]
V  [jvm.dll+0x2e8532]
V  [jvm.dll+0x74fcd8]
V  [jvm.dll+0x363739]
V  [jvm.dll+0x732dc5]
V  [jvm.dll+0x3ce2ef]
V  [jvm.dll+0x3d0611]
C  [jli.dll+0x51ff]
C  [ucrtbase.dll+0x20e82]
C  [KERNEL32.DLL+0x17bd4]
C  [ntdll.dll+0x6ce51]


---------------  P R O C E S S  ---------------

Threads class SMR info:
_java_thread_list=0x00007ffd3e8c46b8, length=0, elements={
}

Java Threads: ( => current thread )

Other Threads:
  0x00000242ea8ee800 GCTaskThread "GC Thread#0" [stack: 0x000000b873900000,0x000000b873a00000] [id=12724]
  0x00000242ea8f9000 ConcurrentGCThread "G1 Main Marker" [stack: 0x000000b873a00000,0x000000b873b00000] [id=2532]
  0x00000242ea8fa800 ConcurrentGCThread "G1 Conc#0" [stack: 0x000000b873b00000,0x000000b873c00000] [id=11500]

[error occurred during error reporting (printing all threads), id 0xc0000005, EXCEPTION_ACCESS_VIOLATION (0xc0000005) at pc=0x00007ffd3e0f6f67]

VM state:not at safepoint (not fully initialized)

VM Mutex/Monitor currently owned by a thread:  ([mutex/lock_event])
[0x00000242ea8bab60] Heap_lock - owner thread: 0x00000242ea8be000

Heap address: 0x00000000c2400000, size: 988 MB, Compressed Oops mode: Non-zero based: 0x00000000c2400000
Narrow klass base: 0x0000000000000000, Narrow klass shift: 0

GC Heap History (0 events):
No events

Deoptimization events (0 events):
No events

Classes unloaded (0 events):
No events

Classes redefined (0 events):
No events

Internal exceptions (0 events):
No events

Events (8 events):
Event: 0.013 Loaded shared library C:\Program Files\Java\jdk-13.0.1\bin\zip.dll
Event: 0.013 Loaded shared library C:\Program Files\Java\jdk-13.0.1\bin\jimage.dll
Event: 0.015 Loading shared library C:\Program Files\Java\jdk-13.0.1\lib\libjava.base-coop.dll failed, error code 126
Event: 0.015 Loading shared library C:\Program Files\Java\jdk-13.0.1\lib\libjava.logging-coop.dll failed, error code 126
Event: 0.015 Loading shared library C:\Program Files\Java\jdk-13.0.1\lib\libjdk.compiler-coop.dll failed, error code 126
Event: 0.015 Loading shared library C:\Program Files\Java\jdk-13.0.1\lib\libjdk.scripting.nashorn-coop.dll failed, error code 126
Event: 0.015 Loading shared library C:\Program Files\Java\jdk-13.0.1\lib\libjdk.internal.vm.ci-coop.dll failed, error code 126
Event: 0.015 Loading shared library C:\Program Files\Java\jdk-13.0.1\lib\libjdk.internal.vm.compiler-coop.dll failed, error code 126


Dynamic libraries:
0x00007ff659920000 - 0x00007ff65992f000 	C:\Program Files\Java\jdk-13.0.1\bin\javaw.exe
0x00007ffd8f6e0000 - 0x00007ffd8f8d0000 	C:\Windows\SYSTEM32\ntdll.dll
0x00007ffd8e570000 - 0x00007ffd8e622000 	C:\Windows\System32\KERNEL32.DLL
0x00007ffd8d4e0000 - 0x00007ffd8d784000 	C:\Windows\System32\KERNELBASE.dll
0x00007ffd8cf40000 - 0x00007ffd8d03a000 	C:\Windows\System32\ucrtbase.dll
0x00007ffd8a7c0000 - 0x00007ffd8a7d5000 	C:\Program Files\Java\jdk-13.0.1\bin\VCRUNTIME140.dll
0x00007ffd88f00000 - 0x00007ffd88f18000 	C:\Program Files\Java\jdk-13.0.1\bin\jli.dll
0x00007ffd8ee20000 - 0x00007ffd8eec3000 	C:\Windows\System32\ADVAPI32.dll
0x00007ffd8e4d0000 - 0x00007ffd8e56e000 	C:\Windows\System32\msvcrt.dll
0x00007ffd8f600000 - 0x00007ffd8f697000 	C:\Windows\System32\sechost.dll
0x00007ffd8e630000 - 0x00007ffd8e750000 	C:\Windows\System32\RPCRT4.dll
0x00007ffd8e8b0000 - 0x00007ffd8ea44000 	C:\Windows\System32\USER32.dll
0x00007ffd8d210000 - 0x00007ffd8d231000 	C:\Windows\System32\win32u.dll
0x00007ffd8db80000 - 0x00007ffd8dba6000 	C:\Windows\System32\GDI32.dll
0x00007ffd8d240000 - 0x00007ffd8d3d4000 	C:\Windows\System32\gdi32full.dll
0x00007ffd8d120000 - 0x00007ffd8d1be000 	C:\Windows\System32\msvcp_win.dll
0x00007ffd72fa0000 - 0x00007ffd73224000 	C:\Windows\WinSxS\amd64_microsoft.windows.common-controls_6595b64144ccf1df_6.0.18362.836_none_e6c4b943130f18ed\COMCTL32.dll
0x00007ffd8eae0000 - 0x00007ffd8ee16000 	C:\Windows\System32\combase.dll
0x00007ffd8d040000 - 0x00007ffd8d0c0000 	C:\Windows\System32\bcryptPrimitives.dll
0x00007ffd86180000 - 0x00007ffd8618a000 	C:\Windows\SYSTEM32\VERSION.dll
0x00007ffd8ea50000 - 0x00007ffd8ea7e000 	C:\Windows\System32\IMM32.DLL
0x00007ffd7b790000 - 0x00007ffd7b82b000 	C:\Program Files\Java\jdk-13.0.1\bin\msvcp140.dll
0x00007ffd3de00000 - 0x00007ffd3e966000 	C:\Program Files\Java\jdk-13.0.1\bin\server\jvm.dll
0x00007ffd8d9a0000 - 0x00007ffd8d9a8000 	C:\Windows\System32\PSAPI.DLL
0x00007ffd77bf0000 - 0x00007ffd77bf9000 	C:\Windows\SYSTEM32\WSOCK32.dll
0x00007ffd8a5c0000 - 0x00007ffd8a5e4000 	C:\Windows\SYSTEM32\WINMM.dll
0x00007ffd8e350000 - 0x00007ffd8e3bf000 	C:\Windows\System32\WS2_32.dll
0x00007ffd8a140000 - 0x00007ffd8a16d000 	C:\Windows\SYSTEM32\winmmbase.dll
0x00007ffd8d1c0000 - 0x00007ffd8d20a000 	C:\Windows\System32\cfgmgr32.dll
0x00007ffd8c650000 - 0x00007ffd8c661000 	C:\Windows\System32\kernel.appcore.dll
0x00007ffd8a7b0000 - 0x00007ffd8a7c0000 	C:\Program Files\Java\jdk-13.0.1\bin\verify.dll
0x00007ffd85160000 - 0x00007ffd85354000 	C:\Windows\SYSTEM32\DBGHELP.DLL
0x00007ffd85110000 - 0x00007ffd8513a000 	C:\Windows\SYSTEM32\dbgcore.DLL
0x00007ffd86460000 - 0x00007ffd86486000 	C:\Program Files\Java\jdk-13.0.1\bin\java.dll
0x00007ffd86430000 - 0x00007ffd86447000 	C:\Program Files\Java\jdk-13.0.1\bin\zip.dll
0x00007ffd86420000 - 0x00007ffd8642a000 	C:\Program Files\Java\jdk-13.0.1\bin\jimage.dll

dbghelp: loaded successfully - version: 4.0.5 - missing functions: none
symbol engine: initialized successfully - sym options: 0x614 - pdb path: .;C:\Program Files\Java\jdk-13.0.1\bin;C:\Windows\SYSTEM32;C:\Windows\WinSxS\amd64_microsoft.windows.common-controls_6595b64144ccf1df_6.0.18362.836_none_e6c4b943130f18ed;C:\Program Files\Java\jdk-13.0.1\bin\server

VM Arguments:
jvm_args: -Dfile.encoding=Cp1252 
java_command: songtradr.main
java_class_path (initial): C:\Users\richa\eclipse-workspace\songtradr\target\classes;C:\Users\richa\.m2\repository\org\seleniumhq\selenium\selenium-java\3.141.59\selenium-java-3.141.59.jar;C:\Users\richa\.m2\repository\org\seleniumhq\selenium\selenium-api\3.141.59\selenium-api-3.141.59.jar;C:\Users\richa\.m2\repository\org\seleniumhq\selenium\selenium-chrome-driver\3.141.59\selenium-chrome-driver-3.141.59.jar;C:\Users\richa\.m2\repository\org\seleniumhq\selenium\selenium-edge-driver\3.141.59\selenium-edge-driver-3.141.59.jar;C:\Users\richa\.m2\repository\org\seleniumhq\selenium\selenium-ie-driver\3.141.59\selenium-ie-driver-3.141.59.jar;C:\Users\richa\.m2\repository\org\seleniumhq\selenium\selenium-opera-driver\3.141.59\selenium-opera-driver-3.141.59.jar;C:\Users\richa\.m2\repository\org\seleniumhq\selenium\selenium-remote-driver\3.141.59\selenium-remote-driver-3.141.59.jar;C:\Users\richa\.m2\repository\org\seleniumhq\selenium\selenium-safari-driver\3.141.59\selenium-safari-driver-3.141.59.jar;C:\Users\richa\.m2\repository\org\seleniumhq\selenium\selenium-support\3.141.59\selenium-support-3.141.59.jar;C:\Users\richa\.m2\repository\net\bytebuddy\byte-buddy\1.8.15\byte-buddy-1.8.15.jar;C:\Users\richa\.m2\repository\org\apache\commons\commons-exec\1.3\commons-exec-1.3.jar;C:\Users\richa\.m2\repository\com\google\guava\guava\25.0-jre\guava-25.0-jre.jar;C:\Users\richa\.m2\repository\com\google\code\findbugs\jsr305\1.3.9\jsr305-1.3.9.jar;C:\Users\richa\.m2\repository\org\checkerframework\checker-compat-qual\2.0.0\checker-compat-qual-2.0.0.jar;C:\Users\richa\.m2\repository\com\google\errorprone\error_prone_annotations\2.1.3\error_prone_annotations-2.1.3.jar;C:\Users\richa\.m2\repository\com\google\j2objc\j2objc-annotations\1.1\j2objc-annotations-1.1.jar;C:\Users\richa\.m2\repository\org\codehaus\mojo\animal-sniffer-annotations\1.14\animal-sniffer-annotations-1.14.jar;C:\Users\richa\.m2\repository\com\squareup\okhttp3\okhttp\3.11.0\okhttp-3.11.0.jar;C:\Users\richa\.m2\rep
Launcher Type: SUN_STANDARD

[Global flags]
     intx CICompilerCount                          = 3                                         {product} {ergonomic}
     uint ConcGCThreads                            = 1                                         {product} {ergonomic}
     uint G1ConcRefinementThreads                  = 4                                         {product} {ergonomic}
   size_t G1HeapRegionSize                         = 1048576                                   {product} {ergonomic}
    uintx GCDrainStackTargetSize                   = 64                                        {product} {ergonomic}
   size_t InitialHeapSize                          = 65011712                                  {product} {ergonomic}
   size_t MarkStackSize                            = 4194304                                   {product} {ergonomic}
   size_t MaxHeapSize                              = 1035993088                                {product} {ergonomic}
   size_t MinHeapDeltaBytes                        = 1048576                                   {product} {ergonomic}
   size_t MinHeapSize                              = 8388608                                   {product} {ergonomic}
    uintx NonNMethodCodeHeapSize                   = 5830732                                {pd product} {ergonomic}
    uintx NonProfiledCodeHeapSize                  = 122913754                              {pd product} {ergonomic}
    uintx ProfiledCodeHeapSize                     = 122913754                              {pd product} {ergonomic}
    uintx ReservedCodeCacheSize                    = 251658240                              {pd product} {ergonomic}
     bool SegmentedCodeCache                       = true                                      {product} {ergonomic}
   size_t SoftMaxHeapSize                          = 1035993088                             {manageable} {ergonomic}
     bool UseCompressedClassPointers               = true                                 {lp64_product} {ergonomic}
     bool UseCompressedOops                        = true                                 {lp64_product} {ergonomic}
     bool UseG1GC                                  = true                                      {product} {ergonomic}
     bool UseLargePagesIndividualAllocation        = false                                  {pd product} {ergonomic}

Logging:
Log output configuration:
 #0: stdout all=warning uptime,level,tags
 #1: stderr all=off uptime,level,tags

Environment Variables:
JAVA_HOME=C:\Program Files\Java\jdk1.8.0_251\
PATH=C:/Program Files/Java/jdk-13.0.1/bin/server;C:/Program Files/Java/jdk-13.0.1/bin;'C:\Users\richa\AppData\Local\Programs\Python\Python38-32\Scripts;C:\Program Files\Java\jdk1.8.0_251\bin;C:\Users\richa\AppData\Local\Programs\Python\Python38-32\;C:\Windows\system32;C:\Windows;C:\Windows\System32\Wbem;C:\Windows\System32\WindowsPowerShell\v1.0\;C:\Windows\System32\OpenSSH\;C:\Program Files (x86)\Intel\Intel(R) Management Engine Components\DAL;C:\Program Files\Intel\Intel(R) Management Engine Components\DAL;C:\Users\richa\eclipse-workspace2\SeeleniumProject\;C:\Program Files\Git\cmd;C:\Users\richa\OneDrive\Documents\apache-maven-3.6.3-bin\apache-maven-3.6.3\bin;C:\Program Files\PuTTY\;C:\Users\richa\AppData\Local\Programs\Python\Python38-32\;C:\Users\richa\AppData\Local\Microsoft\WindowsApps;C:\Program Files\Java\jdk-13.0.1\bin;C:\Program Files\JetBrains\PyCharm Community Edition 2019.3.3\bin;;;C:\Windows\system32;
USERNAME=richa
OS=Windows_NT
PROCESSOR_IDENTIFIER=Intel64 Family 6 Model 142 Stepping 12, GenuineIntel



---------------  S Y S T E M  ---------------

OS: Windows 10 , 64 bit Build 18362 (10.0.18362.778)

CPU:total 4 (initial active 4) (2 cores per cpu, 2 threads per core) family 6 model 142 stepping 12, cmov, cx8, fxsr, mmx, sse, sse2, sse3, ssse3, sse4.1, sse4.2, popcnt, avx, avx2, aes, clmul, erms, 3dnowpref, lzcnt, ht, tsc, tscinvbit, bmi1, bmi2, adx, fma

Memory: 4k page, system-wide physical 3944M (212M free)
TotalPageFile size 16232M (AvailPageFile size 15M)
current process WorkingSet (physical memory assigned to process): 10M, peak: 10M
current process commit charge ("private bytes"): 51M, peak: 113M

vm_info: Java HotSpot(TM) 64-Bit Server VM (13.0.1+9) for windows-amd64 JRE (13.0.1+9), built on Oct  6 2019 12:37:49 by "mach5one" with unknown MS VC++:1916

END.
